c:\users\calistro vieyra\sync\projects\calistro vieyra_avoidance game\lab_b\x64\debug\lab_b.pch
c:\users\calistro vieyra\sync\projects\calistro vieyra_avoidance game\lab_b\x64\debug\vc142.pdb
c:\users\calistro vieyra\sync\projects\calistro vieyra_avoidance game\lab_b\x64\debug\vc142.idb
c:\users\calistro vieyra\sync\projects\calistro vieyra_avoidance game\lab_b\x64\debug\pch.obj
c:\users\calistro vieyra\sync\projects\calistro vieyra_avoidance game\lab_b\x64\debug\stdafx.obj
c:\users\calistro vieyra\sync\projects\calistro vieyra_avoidance game\lab_b\x64\debug\player.obj
c:\users\calistro vieyra\sync\projects\calistro vieyra_avoidance game\lab_b\x64\debug\obstacle.obj
c:\users\calistro vieyra\sync\projects\calistro vieyra_avoidance game\lab_b\x64\debug\mainmenu.obj
c:\users\calistro vieyra\sync\projects\calistro vieyra_avoidance game\lab_b\x64\debug\lab_b.obj
c:\users\calistro vieyra\sync\projects\calistro vieyra_avoidance game\lab_b\x64\debug\game.obj
c:\users\calistro vieyra\sync\projects\calistro vieyra_avoidance game\lab_b\x64\debug\console.obj
c:\users\calistro vieyra\sync\projects\calistro vieyra_avoidance game\lab_b\x64\debug\base.obj
c:\users\calistro vieyra\sync\projects\calistro vieyra_avoidance game\x64\debug\lab_b.ilk
c:\users\calistro vieyra\sync\projects\calistro vieyra_avoidance game\x64\debug\lab_b.exe
c:\users\calistro vieyra\sync\projects\calistro vieyra_avoidance game\x64\debug\lab_b.pdb
c:\users\calistro vieyra\sync\projects\calistro vieyra_avoidance game\lab_b\x64\debug\vc141.idb
c:\users\calistro vieyra\sync\projects\calistro vieyra_avoidance game\lab_b\x64\debug\vc141.pdb
c:\users\calistro vieyra\sync\projects\calistro vieyra_avoidance game\lab_b\x64\debug\lab_b.tlog\cl.command.1.tlog
c:\users\calistro vieyra\sync\projects\calistro vieyra_avoidance game\lab_b\x64\debug\lab_b.tlog\cl.read.1.tlog
c:\users\calistro vieyra\sync\projects\calistro vieyra_avoidance game\lab_b\x64\debug\lab_b.tlog\cl.write.1.tlog
c:\users\calistro vieyra\sync\projects\calistro vieyra_avoidance game\lab_b\x64\debug\lab_b.tlog\link.command.1.tlog
c:\users\calistro vieyra\sync\projects\calistro vieyra_avoidance game\lab_b\x64\debug\lab_b.tlog\link.read.1.tlog
c:\users\calistro vieyra\sync\projects\calistro vieyra_avoidance game\lab_b\x64\debug\lab_b.tlog\link.write.1.tlog
