c:\users\calistro vieyra\desktop\lab_b\lab_b\debug\lab_b.pch
c:\users\calistro vieyra\desktop\lab_b\lab_b\debug\vc141.pdb
c:\users\calistro vieyra\desktop\lab_b\lab_b\debug\vc141.idb
c:\users\calistro vieyra\desktop\lab_b\lab_b\debug\pch.obj
c:\users\calistro vieyra\desktop\lab_b\lab_b\debug\stdafx.obj
c:\users\calistro vieyra\desktop\lab_b\lab_b\debug\player.obj
c:\users\calistro vieyra\desktop\lab_b\lab_b\debug\obstacle.obj
c:\users\calistro vieyra\desktop\lab_b\lab_b\debug\mainmenu.obj
c:\users\calistro vieyra\desktop\lab_b\lab_b\debug\lab_b.obj
c:\users\calistro vieyra\desktop\lab_b\lab_b\debug\game.obj
c:\users\calistro vieyra\desktop\lab_b\lab_b\debug\console.obj
c:\users\calistro vieyra\desktop\lab_b\lab_b\debug\base.obj
c:\users\calistro vieyra\desktop\lab_b\debug\lab_b.exe
c:\users\calistro vieyra\desktop\lab_b\debug\lab_b.ilk
c:\users\calistro vieyra\desktop\lab_b\debug\lab_b.pdb
c:\users\calistro vieyra\desktop\lab_b\lab_b\debug\lab_b.tlog\cl.command.1.tlog
c:\users\calistro vieyra\desktop\lab_b\lab_b\debug\lab_b.tlog\cl.read.1.tlog
c:\users\calistro vieyra\desktop\lab_b\lab_b\debug\lab_b.tlog\cl.write.1.tlog
c:\users\calistro vieyra\desktop\lab_b\lab_b\debug\lab_b.tlog\link.command.1.tlog
c:\users\calistro vieyra\desktop\lab_b\lab_b\debug\lab_b.tlog\link.read.1.tlog
c:\users\calistro vieyra\desktop\lab_b\lab_b\debug\lab_b.tlog\link.write.1.tlog
